#
# A fatal error has been detected by the Java Runtime Environment:
#
#  EXCEPTION_ACCESS_VIOLATION (0xc0000005) at pc=0x00000246b5531066, pid=9804, tid=0x0000000000001a28
#
# JRE version: OpenJDK Runtime Environment (8.0_422-b05) (build 1.8.0_422-b05)
# Java VM: OpenJDK 64-Bit Server VM (25.422-b05 mixed mode windows-amd64 compressed oops)
# Problematic frame:
# C  [OpenAL64.dll+0x11066]
#
# Failed to write core dump. Minidumps are not enabled by default on client versions of Windows
#
# If you would like to submit a bug report, please visit:
#   https://github.com/adoptium/adoptium-support/issues
# The crash happened outside the Java Virtual Machine in native code.
# See problematic frame for where to report the bug.
#

---------------  T H R E A D  ---------------

Current thread (0x00000246b3a23000):  JavaThread "Thread-6" [_thread_in_native, id=6696, stack(0x000000a975300000,0x000000a975400000)]

siginfo: ExceptionCode=0xc0000005, reading address 0x00000246a897d004

Registers:
RAX=0x0000000000000004, RBX=0x00000246b85a0090, RCX=0x00000246a897d008, RDX=0x00000246a897d004
RSP=0x000000a9753feb30, RBP=0x00000000000000ff, RSI=0x00000246a897c73c, RDI=0x0000000000000000
R8 =0x0000000000000232, R9 =0x00000246a897c73c, R10=0x000002468a8f431b, R11=0x000000005fa28fd0
R12=0x0000000000000001, R13=0x00000246b5713fe0, R14=0x000000a9753fecc8, R15=0x00000246b3a23000
RIP=0x00000246b5531066, EFLAGS=0x0000000000010202

Top of Stack: (sp=0x000000a9753feb30)
0x000000a9753feb30:   0000000000000000 00000246b3a23000
0x000000a9753feb40:   000000a9753fecc8 00000246b5713fe0
0x000000a9753feb50:   00000246b5713fe0 0000000000000000
0x000000a9753feb60:   00000246b3a23000 0000000000000000
0x000000a9753feb70:   000000a9753fec90 000000005f8bf1bb
0x000000a9753feb80:   000000a9753febb0 000002468a92aa64
0x000000a9753feb90:   00000246a94b30a0 00000246a5c32950
0x000000a9753feba0:   00000246b3a23000 000000a9753fecc8
0x000000a9753febb0:   00000246b5713fe0 0000000000000000
0x000000a9753febc0:   00000246a897c73c 00000006c9812cd8
0x000000a9753febd0:   000000a9753fec90 00000246b553248f
0x000000a9753febe0:   00000246b85a0090 00000246b85a0090
0x000000a9753febf0:   000002460000ac44 0000024600000004
0x000000a9753fec00:   0000000000000010 000002468a8f4347
0x000000a9753fec10:   00000246b5713fe0 000002468a8f3c85
0x000000a9753fec20:   00000246b5713fe0 000000a9753fec90 

Instructions: (pc=0x00000246b5531066)
0x00000246b5531046:   41 2b ec 81 3a 03 00 02 00 75 09 8b 01 89 84 24
0x00000246b5531056:   c8 00 00 00 49 83 c0 02 48 83 c1 08 4a 8d 14 86
0x00000246b5531066:   39 3a 75 af 4c 8d 84 24 c0 00 00 00 48 8d 15 d7
0x00000246b5531076:   2b 03 00 33 c9 e8 58 5f 00 00 b8 40 1f 00 00 4c 


Register to memory mapping:

RAX=0x0000000000000004 is an unknown value
RBX=0x00000246b85a0090 is an unknown value
RCX=0x00000246a897d008 is an unknown value
RDX=0x00000246a897d004 is an unknown value
RSP=0x000000a9753feb30 is pointing into the stack for thread: 0x00000246b3a23000
RBP=0x00000000000000ff is an unknown value
RSI=0x00000246a897c73c is an unknown value
RDI=0x0000000000000000 is an unknown value
R8 =0x0000000000000232 is an unknown value
R9 =0x00000246a897c73c is an unknown value
R10=0x000002468a8f431b is at code_begin+1915 in an Interpreter codelet
method entry point (kind = native)  [0x000002468a8f3ba0, 0x000002468a8f4e80]  4832 bytes
R11=0x000000005fa28fd0 is an unknown value
R12=0x0000000000000001 is an unknown value
R13={method} {0x00000246b5713fe8} 'nalcCreateContext' '(JJ)J' in 'org/lwjgl/openal/ALC10'
R14=0x000000a9753fecc8 is pointing into the stack for thread: 0x00000246b3a23000
R15=0x00000246b3a23000 is a thread


Stack: [0x000000a975300000,0x000000a975400000],  sp=0x000000a9753feb30,  free space=1018k
Native frames: (J=compiled Java code, j=interpreted, Vv=VM code, C=native code)
C  [OpenAL64.dll+0x11066]
C  [OpenAL64.dll+0x1248f]
C  0x000002468a8f4347

Java frames: (J=compiled Java code, j=interpreted, Vv=VM code)
j  org.lwjgl.openal.ALC10.nalcCreateContext(JJ)J+0
j  org.lwjgl.openal.ALC10.alcCreateContext(Lorg/lwjgl/openal/ALCdevice;Ljava/nio/IntBuffer;)Lorg/lwjgl/openal/ALCcontext;+8
j  org.lwjgl.openal.AL.init(Ljava/lang/String;IIZZ)V+69
j  org.lwjgl.openal.AL.create(Ljava/lang/String;IIZZ)V+246
j  org.lwjgl.openal.AL.create(Ljava/lang/String;IIZ)V+5
j  org.lwjgl.openal.AL.create()V+6
j  paulscode.sound.libraries.LibraryLWJGLOpenAL.init()V+2
j  paulscode.sound.SoundSystem.CommandNewLibrary(Ljava/lang/Class;)V+260
j  paulscode.sound.SoundSystem.CommandQueue(Lpaulscode/sound/CommandObject;)Z+1206
j  paulscode.sound.CommandThread.run()V+51
v  ~StubRoutines::call_stub

---------------  P R O C E S S  ---------------

Java Threads: ( => current thread )
  0x00000246b38aa800 JavaThread "Thread-7" [_thread_blocked, id=4188, stack(0x000000a975400000,0x000000a975500000)]
=>0x00000246b3a23000 JavaThread "Thread-6" [_thread_in_native, id=6696, stack(0x000000a975300000,0x000000a975400000)]
  0x00000246b44fa800 JavaThread "Sound Library Loader" [_thread_blocked, id=5564, stack(0x000000a975200000,0x000000a975300000)]
  0x00000246ab182000 JavaThread "VersionCheck" [_thread_in_native, id=9788, stack(0x000000a975100000,0x000000a975200000)]
  0x00000246a8869000 JavaThread "Java2D Disposer" daemon [_thread_blocked, id=10176, stack(0x000000a974d00000,0x000000a974e00000)]
  0x00000246a8865800 JavaThread "Timer hack thread" daemon [_thread_blocked, id=5136, stack(0x000000a974c00000,0x000000a974d00000)]
  0x00000246a8e9c000 JavaThread "Snooper Timer" daemon [_thread_blocked, id=4344, stack(0x000000a974b00000,0x000000a974c00000)]
  0x00000246a5beb000 JavaThread "Snooper Timer" daemon [_thread_blocked, id=12224, stack(0x000000a974900000,0x000000a974a00000)]
  0x00000246a5cdc800 JavaThread "Service Thread" daemon [_thread_blocked, id=11620, stack(0x000000a974700000,0x000000a974800000)]
  0x00000246a5c18000 JavaThread "C1 CompilerThread3" daemon [_thread_blocked, id=13304, stack(0x000000a974600000,0x000000a974700000)]
  0x00000246a5c0f800 JavaThread "C2 CompilerThread2" daemon [_thread_in_native, id=1960, stack(0x000000a974500000,0x000000a974600000)]
  0x00000246a5c0e800 JavaThread "C2 CompilerThread1" daemon [_thread_in_native, id=1780, stack(0x000000a974400000,0x000000a974500000)]
  0x00000246a5c0a000 JavaThread "C2 CompilerThread0" daemon [_thread_in_native, id=1124, stack(0x000000a974300000,0x000000a974400000)]
  0x00000246a5bdc800 JavaThread "JDWP Command Reader" daemon [_thread_in_native, id=11292, stack(0x000000a974200000,0x000000a974300000)]
  0x00000246a5bd9800 JavaThread "JDWP Event Helper Thread" daemon [_thread_blocked, id=13064, stack(0x000000a974100000,0x000000a974200000)]
  0x00000246a376d800 JavaThread "JDWP Transport Listener: dt_socket" daemon [_thread_blocked, id=2348, stack(0x000000a974000000,0x000000a974100000)]
  0x00000246a3766000 JavaThread "Attach Listener" daemon [_thread_blocked, id=11496, stack(0x000000a973f00000,0x000000a974000000)]
  0x00000246a3765000 JavaThread "Signal Dispatcher" daemon [_thread_blocked, id=12448, stack(0x000000a973e00000,0x000000a973f00000)]
  0x00000246a372e000 JavaThread "Finalizer" daemon [_thread_blocked, id=8996, stack(0x000000a973d00000,0x000000a973e00000)]
  0x00000246a3727800 JavaThread "Reference Handler" daemon [_thread_blocked, id=13136, stack(0x000000a973c00000,0x000000a973d00000)]
  0x0000024688e8a000 JavaThread "Client thread" [_thread_in_native, id=10332, stack(0x000000a973000000,0x000000a973100000)]

Other Threads:
  0x00000246a36f4000 VMThread [stack: 0x000000a973b00000,0x000000a973c00000] [id=6404]
  0x00000246a5ce0800 WatcherThread [stack: 0x000000a974800000,0x000000a974900000] [id=12088]

VM state:not at safepoint (normal execution)

VM Mutex/Monitor currently owned by a thread: None

heap address: 0x00000006c9800000, size: 3944 MB, Compressed Oops mode: Zero based, Oop shift amount: 3
Narrow klass base: 0x0000000000000000, Narrow klass shift: 3
Compressed class space size: 1073741824 Address: 0x00000007c0000000

Heap:
 PSYoungGen      total 157184K, used 155600K [0x000000076dd80000, 0x000000077a000000, 0x00000007c0000000)
  eden space 142336K, 98% used [0x000000076dd80000,0x00000007766f7188,0x0000000776880000)
  from space 14848K, 99% used [0x0000000777d00000,0x0000000778b7d040,0x0000000778b80000)
  to   space 20992K, 0% used [0x0000000776880000,0x0000000776880000,0x0000000777d00000)
 ParOldGen       total 109568K, used 27659K [0x00000006c9800000, 0x00000006d0300000, 0x000000076dd80000)
  object space 109568K, 25% used [0x00000006c9800000,0x00000006cb302e50,0x00000006d0300000)
 Metaspace       used 33640K, capacity 33855K, committed 34176K, reserved 1079296K
  class space    used 4285K, capacity 4360K, committed 4480K, reserved 1048576K

Card table byte_map: [0x0000024699c90000,0x000002469a450000] byte_map_base: 0x0000024696644000

Marking Bits: (ParMarkBitMap*) 0x00000000600018f0
 Begin Bits: [0x000002469a980000, 0x000002469e720000)
 End Bits:   [0x000002469e720000, 0x00000246a24c0000)

Polling page: 0x0000024688fe0000

CodeCache: size=245760Kb used=10275Kb max_used=10275Kb free=235484Kb
 bounds [0x000002468a8d0000, 0x000002468b2f0000, 0x00000246998d0000]
 total_blobs=3339 nmethods=2704 adapters=556
 compilation: enabled

Compilation events (10 events):
Event: 3.428 Thread 0x00000246a5c18000 nmethod 2681 0x000002468b2bfe50 code [0x000002468b2bffe0, 0x000002468b2c0420]
Event: 3.428 Thread 0x00000246a5c18000 2682       3       net.minecraft.client.resources.model.ModelResourceLocation::hashCode (16 bytes)
Event: 3.428 Thread 0x00000246a5c18000 nmethod 2682 0x000002468b2b8a10 code [0x000002468b2b8ba0, 0x000002468b2b8fd0]
Event: 3.429 Thread 0x00000246a5c18000 2684       3       java.net.URLConnection::<init> (44 bytes)
Event: 3.429 Thread 0x00000246a5c18000 nmethod 2684 0x000002468b2bfa10 code [0x000002468b2bfb80, 0x000002468b2bfd98]
Event: 3.430 Thread 0x00000246a5c18000 2685       3       sun.net.www.MessageHeader::<init> (9 bytes)
Event: 3.431 Thread 0x00000246a5c18000 nmethod 2685 0x000002468b2b85d0 code [0x000002468b2b8740, 0x000002468b2b8930]
Event: 3.431 Thread 0x00000246a5c18000 2686  s    3       sun.net.www.protocol.file.Handler::openConnection (7 bytes)
Event: 3.431 Thread 0x00000246a5c18000 nmethod 2686 0x000002468b2b8050 code [0x000002468b2b81c0, 0x000002468b2b84f0]
Event: 3.431 Thread 0x00000246a5c18000 2687  s!   3       sun.net.www.protocol.file.Handler::openConnection (273 bytes)

GC Heap History (10 events):
Event: 1.283 GC heap before
{Heap before GC invocations=3 (full 1):
 PSYoungGen      total 74240K, used 7360K [0x000000076dd80000, 0x0000000773000000, 0x00000007c0000000)
  eden space 64000K, 0% used [0x000000076dd80000,0x000000076dd80000,0x0000000771c00000)
  from space 10240K, 71% used [0x0000000772600000,0x0000000772d30050,0x0000000773000000)
  to   space 10240K, 0% used [0x0000000771c00000,0x0000000771c00000,0x0000000772600000)
 ParOldGen       total 169472K, used 88K [0x00000006c9800000, 0x00000006d3d80000, 0x000000076dd80000)
  object space 169472K, 0% used [0x00000006c9800000,0x00000006c9816010,0x00000006d3d80000)
 Metaspace       used 21148K, capacity 21218K, committed 21296K, reserved 1067008K
  class space    used 2910K, capacity 2935K, committed 2944K, reserved 1048576K
Event: 1.299 GC heap after
Heap after GC invocations=3 (full 1):
 PSYoungGen      total 74240K, used 0K [0x000000076dd80000, 0x0000000773000000, 0x00000007c0000000)
  eden space 64000K, 0% used [0x000000076dd80000,0x000000076dd80000,0x0000000771c00000)
  from space 10240K, 0% used [0x0000000772600000,0x0000000772600000,0x0000000773000000)
  to   space 10240K, 0% used [0x0000000771c00000,0x0000000771c00000,0x0000000772600000)
 ParOldGen       total 109568K, used 7251K [0x00000006c9800000, 0x00000006d0300000, 0x000000076dd80000)
  object space 109568K, 6% used [0x00000006c9800000,0x00000006c9f14e30,0x00000006d0300000)
 Metaspace       used 21148K, capacity 21218K, committed 21296K, reserved 1067008K
  class space    used 2910K, capacity 2935K, committed 2944K, reserved 1048576K
}
Event: 2.127 GC heap before
{Heap before GC invocations=4 (full 1):
 PSYoungGen      total 74240K, used 64000K [0x000000076dd80000, 0x0000000773000000, 0x00000007c0000000)
  eden space 64000K, 100% used [0x000000076dd80000,0x0000000771c00000,0x0000000771c00000)
  from space 10240K, 0% used [0x0000000772600000,0x0000000772600000,0x0000000773000000)
  to   space 10240K, 0% used [0x0000000771c00000,0x0000000771c00000,0x0000000772600000)
 ParOldGen       total 109568K, used 7251K [0x00000006c9800000, 0x00000006d0300000, 0x000000076dd80000)
  object space 109568K, 6% used [0x00000006c9800000,0x00000006c9f14e30,0x00000006d0300000)
 Metaspace       used 26204K, capacity 26292K, committed 26496K, reserved 1073152K
  class space    used 3622K, capacity 3642K, committed 3712K, reserved 1048576K
Event: 2.134 GC heap after
Heap after GC invocations=4 (full 1):
 PSYoungGen      total 74240K, used 3924K [0x000000076dd80000, 0x0000000774980000, 0x00000007c0000000)
  eden space 64000K, 0% used [0x000000076dd80000,0x000000076dd80000,0x0000000771c00000)
  from space 10240K, 38% used [0x0000000771c00000,0x0000000771fd5220,0x0000000772600000)
  to   space 10240K, 0% used [0x0000000773f80000,0x0000000773f80000,0x0000000774980000)
 ParOldGen       total 109568K, used 17499K [0x00000006c9800000, 0x00000006d0300000, 0x000000076dd80000)
  object space 109568K, 15% used [0x00000006c9800000,0x00000006ca916e40,0x00000006d0300000)
 Metaspace       used 26204K, capacity 26292K, committed 26496K, reserved 1073152K
  class space    used 3622K, capacity 3642K, committed 3712K, reserved 1048576K
}
Event: 2.372 GC heap before
{Heap before GC invocations=5 (full 1):
 PSYoungGen      total 74240K, used 67924K [0x000000076dd80000, 0x0000000774980000, 0x00000007c0000000)
  eden space 64000K, 100% used [0x000000076dd80000,0x0000000771c00000,0x0000000771c00000)
  from space 10240K, 38% used [0x0000000771c00000,0x0000000771fd5220,0x0000000772600000)
  to   space 10240K, 0% used [0x0000000773f80000,0x0000000773f80000,0x0000000774980000)
 ParOldGen       total 109568K, used 17499K [0x00000006c9800000, 0x00000006d0300000, 0x000000076dd80000)
  object space 109568K, 15% used [0x00000006c9800000,0x00000006ca916e40,0x00000006d0300000)
 Metaspace       used 28476K, capacity 28648K, committed 28800K, reserved 1075200K
  class space    used 3872K, capacity 3938K, committed 3968K, reserved 1048576K
Event: 2.377 GC heap after
Heap after GC invocations=5 (full 1):
 PSYoungGen      total 100352K, used 8618K [0x000000076dd80000, 0x0000000774d00000, 0x00000007c0000000)
  eden space 90112K, 0% used [0x000000076dd80000,0x000000076dd80000,0x0000000773580000)
  from space 10240K, 84% used [0x0000000773f80000,0x00000007747eaba8,0x0000000774980000)
  to   space 10240K, 0% used [0x0000000773580000,0x0000000773580000,0x0000000773f80000)
 ParOldGen       total 109568K, used 17507K [0x00000006c9800000, 0x00000006d0300000, 0x000000076dd80000)
  object space 109568K, 15% used [0x00000006c9800000,0x00000006ca918e40,0x00000006d0300000)
 Metaspace       used 28476K, capacity 28648K, committed 28800K, reserved 1075200K
  class space    used 3872K, capacity 3938K, committed 3968K, reserved 1048576K
}
Event: 2.477 GC heap before
{Heap before GC invocations=6 (full 1):
 PSYoungGen      total 100352K, used 98730K [0x000000076dd80000, 0x0000000774d00000, 0x00000007c0000000)
  eden space 90112K, 100% used [0x000000076dd80000,0x0000000773580000,0x0000000773580000)
  from space 10240K, 84% used [0x0000000773f80000,0x00000007747eaba8,0x0000000774980000)
  to   space 10240K, 0% used [0x0000000773580000,0x0000000773580000,0x0000000773f80000)
 ParOldGen       total 109568K, used 17507K [0x00000006c9800000, 0x00000006d0300000, 0x000000076dd80000)
  object space 109568K, 15% used [0x00000006c9800000,0x00000006ca918e40,0x00000006d0300000)
 Metaspace       used 28476K, capacity 28648K, committed 28800K, reserved 1075200K
  class space    used 3872K, capacity 3938K, committed 3968K, reserved 1048576K
Event: 2.484 GC heap after
Heap after GC invocations=6 (full 1):
 PSYoungGen      total 100352K, used 10212K [0x000000076dd80000, 0x0000000778b80000, 0x00000007c0000000)
  eden space 90112K, 0% used [0x000000076dd80000,0x000000076dd80000,0x0000000773580000)
  from space 10240K, 99% used [0x0000000773580000,0x0000000773f79160,0x0000000773f80000)
  to   space 14848K, 0% used [0x0000000777d00000,0x0000000777d00000,0x0000000778b80000)
 ParOldGen       total 109568K, used 21515K [0x00000006c9800000, 0x00000006d0300000, 0x000000076dd80000)
  object space 109568K, 19% used [0x00000006c9800000,0x00000006cad02e50,0x00000006d0300000)
 Metaspace       used 28476K, capacity 28648K, committed 28800K, reserved 1075200K
  class space    used 3872K, capacity 3938K, committed 3968K, reserved 1048576K
}
Event: 2.603 GC heap before
{Heap before GC invocations=7 (full 1):
 PSYoungGen      total 100352K, used 100324K [0x000000076dd80000, 0x0000000778b80000, 0x00000007c0000000)
  eden space 90112K, 100% used [0x000000076dd80000,0x0000000773580000,0x0000000773580000)
  from space 10240K, 99% used [0x0000000773580000,0x0000000773f79160,0x0000000773f80000)
  to   space 14848K, 0% used [0x0000000777d00000,0x0000000777d00000,0x0000000778b80000)
 ParOldGen       total 109568K, used 21515K [0x00000006c9800000, 0x00000006d0300000, 0x000000076dd80000)
  object space 109568K, 19% used [0x00000006c9800000,0x00000006cad02e50,0x00000006d0300000)
 Metaspace       used 28636K, capacity 28776K, committed 29056K, reserved 1075200K
  class space    used 3881K, capacity 3938K, committed 3968K, reserved 1048576K
Event: 2.613 GC heap after
Heap after GC invocations=7 (full 1):
 PSYoungGen      total 157184K, used 14836K [0x000000076dd80000, 0x000000077a000000, 0x00000007c0000000)
  eden space 142336K, 0% used [0x000000076dd80000,0x000000076dd80000,0x0000000776880000)
  from space 14848K, 99% used [0x0000000777d00000,0x0000000778b7d040,0x0000000778b80000)
  to   space 20992K, 0% used [0x0000000776880000,0x0000000776880000,0x0000000777d00000)
 ParOldGen       total 109568K, used 27659K [0x00000006c9800000, 0x00000006d0300000, 0x000000076dd80000)
  object space 109568K, 25% used [0x00000006c9800000,0x00000006cb302e50,0x00000006d0300000)
 Metaspace       used 28636K, capacity 28776K, committed 29056K, reserved 1075200K
  class space    used 3881K, capacity 3938K, committed 3968K, reserved 1048576K
}

Deoptimization events (10 events):
Event: 3.204 Thread 0x0000024688e8a000 Uncommon trap: reason=unstable_if action=reinterpret pc=0x000002468b179e40 method=sun.nio.cs.UTF_8$Decoder.decodeArrayLoop(Ljava/nio/ByteBuffer;Ljava/nio/CharBuffer;)Ljava/nio/charset/CoderResult; @ 110
Event: 3.324 Thread 0x0000024688e8a000 Uncommon trap: reason=unstable_if action=reinterpret pc=0x000002468b22a3dc method=sun.misc.URLClassPath.findResource(Ljava/lang/String;Z)Ljava/net/URL; @ 33
Event: 3.340 Thread 0x0000024688e8a000 Uncommon trap: reason=class_check action=maybe_recompile pc=0x000002468abd3c0c method=java.util.Hashtable.addEntry(ILjava/lang/Object;Ljava/lang/Object;I)V @ 38
Event: 3.353 Thread 0x0000024688e8a000 Uncommon trap: reason=bimorphic action=maybe_recompile pc=0x000002468af50594 method=com.google.common.collect.ImmutableMap.hashCode()I @ 1
Event: 3.353 Thread 0x0000024688e8a000 Uncommon trap: reason=bimorphic action=maybe_recompile pc=0x000002468af50594 method=com.google.common.collect.ImmutableMap.hashCode()I @ 1
Event: 3.353 Thread 0x0000024688e8a000 Uncommon trap: reason=bimorphic action=maybe_recompile pc=0x000002468af50594 method=com.google.common.collect.ImmutableMap.hashCode()I @ 1
Event: 3.353 Thread 0x0000024688e8a000 Uncommon trap: reason=bimorphic action=maybe_recompile pc=0x000002468af50594 method=com.google.common.collect.ImmutableMap.hashCode()I @ 1
Event: 3.369 Thread 0x0000024688e8a000 Uncommon trap: reason=unstable_if action=reinterpret pc=0x000002468af07d4c method=net.minecraft.block.properties.PropertyHelper.equals(Ljava/lang/Object;)Z @ 52
Event: 3.378 Thread 0x0000024688e8a000 Uncommon trap: reason=unstable_if action=reinterpret pc=0x000002468b1dc6bc method=com.google.gson.stream.JsonReader.nextNonWhitespace(Z)I @ 93
Event: 3.385 Thread 0x0000024688e8a000 Uncommon trap: reason=null_check action=make_not_entrant pc=0x000002468b20336c method=com.google.gson.JsonPrimitive.isPrimitiveOrString(Ljava/lang/Object;)Z @ 39

Classes redefined (0 events):
No events

Internal exceptions (10 events):
Event: 2.685 Thread 0x0000024688e8a000 Implicit null exception at 0x000002468ab77b94 to 0x000002468ab77e25
Event: 3.110 Thread 0x0000024688e8a000 Implicit null exception at 0x000002468af5692c to 0x000002468af56962
Event: 3.112 Thread 0x0000024688e8a000 Exception <a 'java/lang/UnsatisfiedLinkError': The specified procedure could not be found.
> (0x000000076ff1cdd0) thrown at [C:\workspace\openjdk-build\workspace\build\src\hotspot\src\share\vm\prims\jni.cpp, line 739]
Event: 3.405 Thread 0x00000246b3a23000 Exception <a 'java/lang/InterruptedException': sleep interrupted> (0x00000007757dec30) thrown at [C:\workspace\openjdk-build\workspace\build\src\hotspot\src\share\vm\prims\jvm.cpp, line 3374]
Event: 3.414 Thread 0x00000246b3a23000 Exception <a 'java/security/PrivilegedActionException'> (0x000000077585e9b8) thrown at [C:\workspace\openjdk-build\workspace\build\src\hotspot\src\share\vm\prims\jvm.cpp, line 1514]
Event: 3.414 Thread 0x00000246b3a23000 Exception <a 'java/security/PrivilegedActionException'> (0x00000007758604c8) thrown at [C:\workspace\openjdk-build\workspace\build\src\hotspot\src\share\vm\prims\jvm.cpp, line 1514]
Event: 3.414 Thread 0x00000246b3a23000 Exception <a 'java/security/PrivilegedActionException'> (0x0000000775861580) thrown at [C:\workspace\openjdk-build\workspace\build\src\hotspot\src\share\vm\prims\jvm.cpp, line 1514]
Event: 3.414 Thread 0x00000246b3a23000 Exception <a 'java/security/PrivilegedActionException'> (0x0000000775866e50) thrown at [C:\workspace\openjdk-build\workspace\build\src\hotspot\src\share\vm\prims\jvm.cpp, line 1514]
Event: 3.414 Thread 0x00000246b3a23000 Exception <a 'java/security/PrivilegedActionException'> (0x0000000775867aa8) thrown at [C:\workspace\openjdk-build\workspace\build\src\hotspot\src\share\vm\prims\jvm.cpp, line 1514]
Event: 3.414 Thread 0x00000246b3a23000 Exception <a 'java/security/PrivilegedActionException'> (0x00000007758686d0) thrown at [C:\workspace\openjdk-build\workspace\build\src\hotspot\src\share\vm\prims\jvm.cpp, line 1514]

Events (10 events):
Event: 3.417 loading class org/lwjgl/openal/ALC10
Event: 3.417 loading class org/lwjgl/openal/ALC10 done
Event: 3.424 loading class org/lwjgl/openal/ALCdevice
Event: 3.424 loading class org/lwjgl/openal/ALCdevice done
Event: 3.425 loading class org/lwjgl/openal/ALCcontext
Event: 3.425 loading class org/lwjgl/openal/ALCcontext done
Event: 3.425 loading class org/lwjgl/openal/Util
Event: 3.425 loading class org/lwjgl/openal/Util done
Event: 3.426 loading class org/lwjgl/openal/OpenALException
Event: 3.426 loading class org/lwjgl/openal/OpenALException done


Dynamic libraries:
0x00007ff7c8b10000 - 0x00007ff7c8b61000 	C:\Users\lebui\.jdks\temurin-1.8.0_422\bin\java.exe
0x00007ffc4b8d0000 - 0x00007ffc4bae7000 	C:\WINDOWS\SYSTEM32\ntdll.dll
0x00007ffc4a3a0000 - 0x00007ffc4a464000 	C:\WINDOWS\System32\KERNEL32.DLL
0x00007ffc48f90000 - 0x00007ffc4933d000 	C:\WINDOWS\System32\KERNELBASE.dll
0x00007ffc4a6e0000 - 0x00007ffc4a792000 	C:\WINDOWS\System32\ADVAPI32.dll
0x00007ffc4a240000 - 0x00007ffc4a2e7000 	C:\WINDOWS\System32\msvcrt.dll
0x00007ffc4a2f0000 - 0x00007ffc4a399000 	C:\WINDOWS\System32\sechost.dll
0x00007ffc495a0000 - 0x00007ffc495c8000 	C:\WINDOWS\System32\bcrypt.dll
0x00007ffc4b050000 - 0x00007ffc4b164000 	C:\WINDOWS\System32\RPCRT4.dll
0x00007ffc4a070000 - 0x00007ffc4a21e000 	C:\WINDOWS\System32\USER32.dll
0x00007ffc495d0000 - 0x00007ffc495f6000 	C:\WINDOWS\System32\win32u.dll
0x00007ffc497c0000 - 0x00007ffc497e9000 	C:\WINDOWS\System32\GDI32.dll
0x00007ffc48d50000 - 0x00007ffc48e69000 	C:\WINDOWS\System32\gdi32full.dll
0x00007ffc48bf0000 - 0x00007ffc48c8a000 	C:\WINDOWS\System32\msvcp_win.dll
0x00007ffc48e70000 - 0x00007ffc48f81000 	C:\WINDOWS\System32\ucrtbase.dll
0x00007ffc37ac0000 - 0x00007ffc37d53000 	C:\WINDOWS\WinSxS\amd64_microsoft.windows.common-controls_6595b64144ccf1df_6.0.22621.3672_none_2713b9d173822955\COMCTL32.dll
0x00007ffc4afc0000 - 0x00007ffc4aff1000 	C:\WINDOWS\System32\IMM32.DLL
0x00007ffc40810000 - 0x00007ffc40825000 	C:\Users\lebui\.jdks\temurin-1.8.0_422\jre\bin\vcruntime140.dll
0x00007ffc1f640000 - 0x00007ffc1f6db000 	C:\Users\lebui\.jdks\temurin-1.8.0_422\jre\bin\msvcp140.dll
0x000000005f820000 - 0x000000006007a000 	C:\Users\lebui\.jdks\temurin-1.8.0_422\jre\bin\server\jvm.dll
0x00007ffc49600000 - 0x00007ffc49608000 	C:\WINDOWS\System32\PSAPI.DLL
0x00007ffc3aea0000 - 0x00007ffc3aea9000 	C:\WINDOWS\SYSTEM32\WSOCK32.dll
0x00007ffc3d810000 - 0x00007ffc3d81a000 	C:\WINDOWS\SYSTEM32\VERSION.dll
0x00007ffc42fa0000 - 0x00007ffc42fd4000 	C:\WINDOWS\SYSTEM32\WINMM.dll
0x00007ffc4a5d0000 - 0x00007ffc4a641000 	C:\WINDOWS\System32\WS2_32.dll
0x00007ffc47be0000 - 0x00007ffc47bf8000 	C:\WINDOWS\SYSTEM32\kernel.appcore.dll
0x00007ffc407f0000 - 0x00007ffc40800000 	C:\Users\lebui\.jdks\temurin-1.8.0_422\jre\bin\verify.dll
0x00007ffc26660000 - 0x00007ffc2668b000 	C:\Users\lebui\.jdks\temurin-1.8.0_422\jre\bin\java.dll
0x00007ffc24c60000 - 0x00007ffc24c96000 	C:\Users\lebui\.jdks\temurin-1.8.0_422\jre\bin\jdwp.dll
0x00007ffc407e0000 - 0x00007ffc407e9000 	C:\Users\lebui\.jdks\temurin-1.8.0_422\jre\bin\npt.dll
0x00007ffc24bc0000 - 0x00007ffc24bf9000 	C:\Users\lebui\.jdks\temurin-1.8.0_422\jre\bin\instrument.dll
0x00007ffc252f0000 - 0x00007ffc25308000 	C:\Users\lebui\.jdks\temurin-1.8.0_422\jre\bin\zip.dll
0x00007ffc497f0000 - 0x00007ffc4a057000 	C:\WINDOWS\System32\SHELL32.dll
0x00007ffc46af0000 - 0x00007ffc473ee000 	C:\WINDOWS\SYSTEM32\windows.storage.dll
0x00007ffc4ac30000 - 0x00007ffc4afbd000 	C:\WINDOWS\System32\combase.dll
0x00007ffc469b0000 - 0x00007ffc46aef000 	C:\WINDOWS\SYSTEM32\wintypes.dll
0x00007ffc4a470000 - 0x00007ffc4a569000 	C:\WINDOWS\System32\SHCORE.dll
0x00007ffc4b830000 - 0x00007ffc4b88e000 	C:\WINDOWS\System32\shlwapi.dll
0x00007ffc48b20000 - 0x00007ffc48b41000 	C:\WINDOWS\SYSTEM32\profapi.dll
0x00007ffc407d0000 - 0x00007ffc407da000 	C:\Users\lebui\.jdks\temurin-1.8.0_422\jre\bin\dt_socket.dll
0x00007ffc48050000 - 0x00007ffc480b9000 	C:\WINDOWS\system32\mswsock.dll
0x00007ffc375e0000 - 0x00007ffc375ed000 	C:\Users\lebui\.jdks\temurin-1.8.0_422\jre\bin\management.dll
0x00007ffc24c40000 - 0x00007ffc24c5c000 	C:\Users\lebui\.jdks\temurin-1.8.0_422\jre\bin\net.dll
0x00007ffc23a50000 - 0x00007ffc23a63000 	C:\Users\lebui\.jdks\temurin-1.8.0_422\jre\bin\nio.dll
0x00007ffc26a60000 - 0x00007ffc26a77000 	C:\WINDOWS\system32\napinsp.dll
0x00007ffc26a40000 - 0x00007ffc26a5b000 	C:\WINDOWS\system32\pnrpnsp.dll
0x00007ffc476c0000 - 0x00007ffc477b8000 	C:\WINDOWS\SYSTEM32\DNSAPI.dll
0x00007ffc47690000 - 0x00007ffc476bd000 	C:\WINDOWS\SYSTEM32\IPHLPAPI.DLL
0x00007ffc497b0000 - 0x00007ffc497b9000 	C:\WINDOWS\System32\NSI.dll
0x00007ffc26980000 - 0x00007ffc26991000 	C:\WINDOWS\System32\winrnr.dll
0x00007ffc43310000 - 0x00007ffc43325000 	C:\WINDOWS\system32\wshbth.dll
0x00007ffc26950000 - 0x00007ffc26977000 	C:\WINDOWS\system32\nlansp_c.dll
0x00007ffc43380000 - 0x00007ffc43403000 	C:\WINDOWS\System32\fwpuclnt.dll
0x00007ffc44450000 - 0x00007ffc4445a000 	C:\Windows\System32\rasadhlp.dll
0x0000000180000000 - 0x0000000180053000 	C:\Users\lebui\OneDrive\Desktop\cleanCatClient\workspace\jars\versions\1.8.9\1.8.9-natives\lwjgl64.dll
0x00007ffc07d60000 - 0x00007ffc07e60000 	C:\WINDOWS\SYSTEM32\OPENGL32.dll
0x00007ffc08c80000 - 0x00007ffc08cad000 	C:\WINDOWS\SYSTEM32\GLU32.dll
0x00007ffc45e80000 - 0x00007ffc45eb7000 	C:\WINDOWS\SYSTEM32\dxcore.dll
0x00007ffc48280000 - 0x00007ffc4829b000 	C:\WINDOWS\SYSTEM32\CRYPTSP.dll
0x00007ffc47b40000 - 0x00007ffc47b75000 	C:\WINDOWS\system32\rsaenh.dll
0x00007ffc48120000 - 0x00007ffc48148000 	C:\WINDOWS\SYSTEM32\USERENV.dll
0x00007ffc494b0000 - 0x00007ffc4952b000 	C:\WINDOWS\System32\bcryptprimitives.dll
0x00007ffc482a0000 - 0x00007ffc482ac000 	C:\WINDOWS\SYSTEM32\CRYPTBASE.dll
0x00007ffc44600000 - 0x00007ffc44619000 	C:\WINDOWS\SYSTEM32\dhcpcsvc6.DLL
0x00007ffc445e0000 - 0x00007ffc445ff000 	C:\WINDOWS\SYSTEM32\dhcpcsvc.DLL
0x00007ffc1f4a0000 - 0x00007ffc1f634000 	C:\Users\lebui\.jdks\temurin-1.8.0_422\jre\bin\awt.dll
0x00007ffc4b5f0000 - 0x00007ffc4b6c7000 	C:\WINDOWS\System32\OLEAUT32.dll
0x00007ffc42790000 - 0x00007ffc42827000 	C:\WINDOWS\SYSTEM32\apphelp.dll
0x00007ffc42ee0000 - 0x00007ffc42f9d000 	C:\WINDOWS\SYSTEM32\mscms.dll
0x00007ffc4ab80000 - 0x00007ffc4ac30000 	C:\WINDOWS\System32\clbcatq.dll
0x00007ffc3e2a0000 - 0x00007ffc3e2ee000 	C:\Windows\System32\Windows.Internal.Graphics.Display.DisplayColorManagement.dll
0x00007ffc48800000 - 0x00007ffc4884e000 	C:\WINDOWS\SYSTEM32\cfgmgr32.dll
0x00007ffc45d90000 - 0x00007ffc45e40000 	C:\WINDOWS\system32\uxtheme.dll
0x00007ffc4b6d0000 - 0x00007ffc4b82b000 	C:\WINDOWS\System32\MSCTF.dll
0x00007ffc37f10000 - 0x00007ffc3805e000 	C:\WINDOWS\SYSTEM32\textinputframework.dll
0x00007ffc421b0000 - 0x00007ffc422e3000 	C:\WINDOWS\SYSTEM32\CoreMessaging.dll
0x00007ffc3f980000 - 0x00007ffc3fced000 	C:\WINDOWS\SYSTEM32\CoreUIComponents.dll
0x00007ffc3ffa0000 - 0x00007ffc3ffe9000 	C:\WINDOWS\SYSTEM32\directxdatabasehelper.dll
0x00007ffc43b40000 - 0x00007ffc43c82000 	C:\Windows\System32\AppXDeploymentClient.dll
0x00007ffc1f800000 - 0x00007ffc1f82e000 	C:\WINDOWS\System32\DriverStore\FileRepository\u0403852.inf_amd64_63c1d613d771eff0\B400781\atig6pxx.dll
0x00007ffbcf470000 - 0x00007ffbd394f000 	C:\WINDOWS\System32\DriverStore\FileRepository\u0403852.inf_amd64_63c1d613d771eff0\B400781\atio6axx.dll
0x00007ffc4b170000 - 0x00007ffc4b5e4000 	C:\WINDOWS\System32\SETUPAPI.dll
0x00007ffc3b690000 - 0x00007ffc3b6c5000 	C:\WINDOWS\SYSTEM32\amdihk64.dll
0x00007ffc45ff0000 - 0x00007ffc4601b000 	C:\WINDOWS\SYSTEM32\dwmapi.dll
0x00007ffc487b0000 - 0x00007ffc487dc000 	C:\WINDOWS\SYSTEM32\DEVOBJ.dll
0x00007ffc49530000 - 0x00007ffc4959b000 	C:\WINDOWS\System32\WINTRUST.dll
0x00007ffc49340000 - 0x00007ffc494a7000 	C:\WINDOWS\System32\CRYPT32.dll
0x00007ffc48790000 - 0x00007ffc487a2000 	C:\WINDOWS\SYSTEM32\MSASN1.dll
0x00007ffc21a60000 - 0x00007ffc21aaa000 	C:\WINDOWS\SYSTEM32\icm32.dll
0x00000246b2690000 - 0x00000246b26c8000 	C:\Users\lebui\AppData\Local\Temp\jna\jna6370714160265932110.dll
0x0000000070a40000 - 0x0000000070adc000 	C:\Users\lebui\OneDrive\Desktop\cleanCatClient\workspace\jars\versions\1.8.9\1.8.9-natives\avutil-ttv-51.dll
0x0000000065980000 - 0x00000000659d6000 	C:\Users\lebui\OneDrive\Desktop\cleanCatClient\workspace\jars\versions\1.8.9\1.8.9-natives\swresample-ttv-0.dll
0x000000006eb80000 - 0x000000006ec50000 	C:\Users\lebui\OneDrive\Desktop\cleanCatClient\workspace\jars\versions\1.8.9\1.8.9-natives\libmp3lame-ttv.dll
0x00007ffbcb8a0000 - 0x00007ffbccc44000 	C:\Users\lebui\OneDrive\Desktop\cleanCatClient\workspace\jars\versions\1.8.9\1.8.9-natives\libmfxsw64.dll
0x00007ffc1f330000 - 0x00007ffc1f49d000 	C:\Users\lebui\OneDrive\Desktop\cleanCatClient\workspace\jars\versions\1.8.9\1.8.9-natives\twitchsdk.dll
0x00007ffc4a7b0000 - 0x00007ffc4a955000 	C:\WINDOWS\System32\ole32.dll
0x00007ffc32d30000 - 0x00007ffc3322e000 	C:\WINDOWS\SYSTEM32\WININET.dll
0x00000246b5520000 - 0x00000246b5584000 	C:\Users\lebui\OneDrive\Desktop\cleanCatClient\workspace\jars\versions\1.8.9\1.8.9-natives\OpenAL64.dll
0x00007ffc43270000 - 0x00007ffc4330d000 	C:\WINDOWS\System32\MMDevApi.dll
0x00007ffc1f280000 - 0x00007ffc1f322000 	C:\WINDOWS\SYSTEM32\dsound.dll
0x00007ffc19da0000 - 0x00007ffc19e51000 	C:\WINDOWS\SYSTEM32\ResampleDmo.DLL
0x00007ffc48ab0000 - 0x00007ffc48afd000 	C:\WINDOWS\SYSTEM32\powrprof.dll
0x00007ffc33330000 - 0x00007ffc33359000 	C:\WINDOWS\SYSTEM32\winmmbase.dll
0x00007ffc36cb0000 - 0x00007ffc36cbb000 	C:\WINDOWS\SYSTEM32\msdmo.dll
0x00007ffc48a90000 - 0x00007ffc48aa3000 	C:\WINDOWS\SYSTEM32\UMPDC.dll
0x00007ffc35ba0000 - 0x00007ffc35d8c000 	C:\WINDOWS\SYSTEM32\AUDIOSES.DLL
0x00007ffc46550000 - 0x00007ffc46782000 	C:\WINDOWS\SYSTEM32\dbghelp.dll

VM Arguments:
jvm_args: -agentlib:jdwp=transport=dt_socket,address=127.0.0.1:50487,suspend=y,server=n -Djava.library.path=C:\Users\lebui\OneDrive\Desktop\cleanCatClient\workspace\jars\versions\1.8.9\1.8.9-natives -javaagent:C:\Users\lebui\AppData\Local\JetBrains\IdeaIC2024.1\captureAgent\debugger-agent.jar -Dfile.encoding=UTF-8 
java_command: Start
java_class_path (initial): C:\Users\lebui\.jdks\temurin-1.8.0_422\jre\lib\charsets.jar;C:\Users\lebui\.jdks\temurin-1.8.0_422\jre\lib\ext\access-bridge-64.jar;C:\Users\lebui\.jdks\temurin-1.8.0_422\jre\lib\ext\cldrdata.jar;C:\Users\lebui\.jdks\temurin-1.8.0_422\jre\lib\ext\dnsns.jar;C:\Users\lebui\.jdks\temurin-1.8.0_422\jre\lib\ext\jaccess.jar;C:\Users\lebui\.jdks\temurin-1.8.0_422\jre\lib\ext\localedata.jar;C:\Users\lebui\.jdks\temurin-1.8.0_422\jre\lib\ext\nashorn.jar;C:\Users\lebui\.jdks\temurin-1.8.0_422\jre\lib\ext\sunec.jar;C:\Users\lebui\.jdks\temurin-1.8.0_422\jre\lib\ext\sunjce_provider.jar;C:\Users\lebui\.jdks\temurin-1.8.0_422\jre\lib\ext\sunmscapi.jar;C:\Users\lebui\.jdks\temurin-1.8.0_422\jre\lib\ext\sunpkcs11.jar;C:\Users\lebui\.jdks\temurin-1.8.0_422\jre\lib\ext\zipfs.jar;C:\Users\lebui\.jdks\temurin-1.8.0_422\jre\lib\jce.jar;C:\Users\lebui\.jdks\temurin-1.8.0_422\jre\lib\jfr.jar;C:\Users\lebui\.jdks\temurin-1.8.0_422\jre\lib\jsse.jar;C:\Users\lebui\.jdks\temurin-1.8.0_422\jre\lib\management-agent.jar;C:\Users\lebui\.jdks\temurin-1.8.0_422\jre\lib\resources.jar;C:\Users\lebui\.jdks\temurin-1.8.0_422\jre\lib\rt.jar;C:\Users\lebui\OneDrive\Desktop\cleanCatClient\workspace\export\production\Client;C:\Users\lebui\OneDrive\Desktop\cleanCatClient\workspace\jars\libraries\oshi-project\oshi-core\1.1\oshi-core-1.1.jar;C:\Users\lebui\OneDrive\Desktop\cleanCatClient\workspace\jars\libraries\net\java\dev\jna\jna\3.4.0\jna-3.4.0.jar;C:\Users\lebui\OneDrive\Desktop\cleanCatClient\workspace\jars\libraries\net\java\dev\jna\platform\3.4.0\platform-3.4.0.jar;C:\Users\lebui\OneDrive\Desktop\cleanCatClient\workspace\jars\libraries\com\ibm\icu\icu4j-core-mojang\51.2\icu4j-core-mojang-51.2.jar;C:\Users\lebui\OneDrive\Desktop\cleanCatClient\workspace\jars\libraries\net\sf\jopt-simple\jopt-simple\4.6\jopt-simple-4.6.jar;C:\Users\lebui\OneDrive\Desktop\cleanCatClient\workspace\jars\libraries\com\paulscode\codecjorbis\20101023\codecjorbis-20101023.jar;C:\Users\lebui\OneDriv
Launcher Type: SUN_STANDARD

Environment Variables:
JAVA_HOME=C:\Program Files\Java\jre1.8.0_421\jre1.8.0_421
PATH=C:\Program Files\Java\jre1.8.0_421\bin;C:\Users\lebui\Downloads\OpenSSH-Win64;C:\Python312\Scripts\;C:\Python312\;C:\Program Files\Common Files\Oracle\Java\javapath;C:\Program Files (x86)\Common Files\Oracle\Java\java8path;C:\Program Files (x86)\Common Files\Oracle\Java\javapath;C:\Program Files (x86)\VMware\VMware Workstation\bin\;C:\WINDOWS\system32;C:\WINDOWS;C:\WINDOWS\System32\Wbem;C:\WINDOWS\System32\WindowsPowerShell\v1.0\;C:\WINDOWS\System32\OpenSSH\;C:\msys64\ucrt64\bin;C:\Program Files\dotnet\;C:\Program Files\Git\cmd;C:\Program Files\Cloudflare\Cloudflare WARP\;C:\Program Files\nodejs\;C:\ProgramData\chocolatey\bin;C:\Program Files\Docker\Docker\resources\bin;C:\Program Files\PuTTY\;C:\Program Files (x86)\Windows Kits\10\Windows Performance Toolkit\;C:\Program Files\Microsoft SQL Server\150\Tools\Binn\;C:\Program Files\Microsoft SQL Server\Client SDK\ODBC\170\Tools\Binn\;C:\Program Files\Java\jre1.8.0_421\jre1.8.0_421\bin;C:\Users\lebui\scoop\shims;C:\Users\lebui\AppData\Local\Microsoft\WindowsApps;C:\Users\lebui\AppData\Local\Programs\Microsoft VS Code\bin;C:\Users\lebui\.dotnet\tools;C:\Users\lebui\AppData\Local\spicetify;C:\Users\lebui\.dotnet\tools;C:\Users\lebui\AppData\Roaming\npm;C:\Users\lebui\Downloads\platform-tools-latest-windows;C:\Users\lebui\AppData\Local\Microsoft\WindowsApps;
USERNAME=lebui
OS=Windows_NT
PROCESSOR_IDENTIFIER=AMD64 Family 25 Model 80 Stepping 0, AuthenticAMD



---------------  S Y S T E M  ---------------

OS: Windows 11 , 64 bit Build 22621 (10.0.22621.3958)

CPU:total 12 (initial active 12) (12 cores per cpu, 1 threads per core) family 25 model 80 stepping 0, cmov, cx8, fxsr, mmx, sse, sse2, sse3, ssse3, sse4.1, sse4.2, popcnt, avx, avx2, aes, clmul, erms, mmxext, 3dnowpref, lzcnt, sse4a, tsc, tscinvbit, tscinv, bmi1

Memory: 4k page, physical 16154136k(8525884k free), swap 22445592k(13278604k free)

vm_info: OpenJDK 64-Bit Server VM (25.422-b05) for windows-amd64 JRE (1.8.0_422-b05), built on Jul 18 2024 13:37:58 by "jenkins" with MS VC++ 15.9 (VS2017)

time: Sun Jul 28 23:25:49 2024
timezone: SE Asia Standard Time
elapsed time: 3.470920 seconds (0d 0h 0m 3s)

